META: gray-wood - 5cm - front
SENSOR [1]	MEAN [53.3181818182]	SD [2.06455726349]	SIZE [88]
SENSOR [2]	MEAN [58.7272727273]	SD [2.21937374832]	SIZE [88]
SENSOR [3]	MEAN [60.4090909091]	SD [2.17755264855]	SIZE [88]
SENSOR [4]	MEAN [75.0454545455]	SD [2.69641635454]	SIZE [88]


META: gray-wood - 5cm - left_corner
SENSOR [0]	MEAN [89.4090909091]	SD [2.00361244005]	SIZE [88]
SENSOR [1]	MEAN [56.7727272727]	SD [1.79473518385]	SIZE [88]
SENSOR [2]	MEAN [58.0]	SD [2.0]	SIZE [88]


META: gray-wood - 5cm - left_side
SENSOR [0]	MEAN [91.7058823529]	SD [1.72404128115]	SIZE [68]
SENSOR [1]	MEAN [55.0]	SD [1.73205080757]	SIZE [68]
SENSOR [2]	MEAN [54.8823529412]	SD [2.040252376]	SIZE [68]


META: gray-wood - 5cm - left_side_sideways
SENSOR [0]	MEAN [90.3720930233]	SD [2.14609711536]	SIZE [86]
SENSOR [1]	MEAN [51.9534883721]	SD [1.77781533522]	SIZE [86]
SENSOR [2]	MEAN [53.9069767442]	SD [2.08888479748]	SIZE [86]


META: gray-wood - 5cm - right_corner
SENSOR [3]	MEAN [56.976744186]	SD [2.10744386218]	SIZE [86]
SENSOR [4]	MEAN [78.2325581395]	SD [2.55940771948]	SIZE [86]
SENSOR [5]	MEAN [62.1395348837]	SD [2.70728041132]	SIZE [86]


META: gray-wood - 5cm - right_side
SENSOR [3]	MEAN [53.4712643678]	SD [2.11094074175]	SIZE [87]
SENSOR [4]	MEAN [75.0344827586]	SD [1.914543707]	SIZE [87]
SENSOR [5]	MEAN [61.8390804598]	SD [2.08372766779]	SIZE [87]


META: gray-wood - 5cm - right_side_sideways
SENSOR [3]	MEAN [53.8139534884]	SD [2.17015500415]	SIZE [86]
SENSOR [4]	MEAN [72.7441860465]	SD [2.32372018545]	SIZE [86]
SENSOR [5]	MEAN [60.8837209302]	SD [1.96728241698]	SIZE [86]


META: gray-wood - 5cm - rear
SENSOR [6]	MEAN [88.0]	SD [2.18668909436]	SIZE [87]
SENSOR [7]	MEAN [79.2643678161]	SD [1.66408837433]	SIZE [87]


