META: gray-wood - 1cm - front
SENSOR [1]	MEAN [82.1686746988]	SD [2.0873646099]	SIZE [83]
SENSOR [2]	MEAN [119.084337349]	SD [1.99520400429]	SIZE [83]
SENSOR [3]	MEAN [159.759036145]	SD [1.79416968376]	SIZE [83]
SENSOR [4]	MEAN [105.975903614]	SD [2.18414827829]	SIZE [83]


META: gray-wood - 1cm - left_corner
SENSOR [0]	MEAN [190.917647059]	SD [3.650017775]	SIZE [85]
SENSOR [1]	MEAN [178.211764706]	SD [3.38888882586]	SIZE [85]
SENSOR [2]	MEAN [89.6941176471]	SD [2.32643898246]	SIZE [85]


META: gray-wood - 1cm - left_side
SENSOR [0]	MEAN [228.470588235]	SD [2.56027680164]	SIZE [85]
SENSOR [1]	MEAN [127.623529412]	SD [1.90341161564]	SIZE [85]
SENSOR [2]	MEAN [62.8705882353]	SD [1.99875393709]	SIZE [85]


META: gray-wood - 1cm - left_side_sideways
SENSOR [0]	MEAN [188.279069767]	SD [2.84748425396]	SIZE [86]
SENSOR [1]	MEAN [84.9302325581]	SD [2.56447418644]	SIZE [86]
SENSOR [2]	MEAN [56.6046511628]	SD [1.55727153886]	SIZE [86]


META: gray-wood - 1cm - right_corner
SENSOR [3]	MEAN [103.095238095]	SD [2.49580146312]	SIZE [84]
SENSOR [4]	MEAN [205.142857143]	SD [3.78324267925]	SIZE [84]
SENSOR [5]	MEAN [157.333333333]	SD [2.64274989057]	SIZE [84]


META: gray-wood - 1cm - right_side
SENSOR [3]	MEAN [72.3294117647]	SD [2.14414790586]	SIZE [85]
SENSOR [4]	MEAN [165.552941176]	SD [3.25216989048]	SIZE [85]
SENSOR [5]	MEAN [179.2]	SD [3.72211198744]	SIZE [85]


META: gray-wood - 1cm - right_side_sideways
SENSOR [3]	MEAN [56.976744186]	SD [2.58338494456]	SIZE [86]
SENSOR [4]	MEAN [98.511627907]	SD [2.59132805157]	SIZE [86]
SENSOR [5]	MEAN [131.906976744]	SD [2.11103362194]	SIZE [86]


META: gray-wood - 1cm - rear
SENSOR [6]	MEAN [192.047058824]	SD [3.80682323128]	SIZE [85]
SENSOR [7]	MEAN [175.247058824]	SD [2.33593856866]	SIZE [85]


