META: gray-wood - 0cm - front
SENSOR [1]	MEAN [144.643678161]	SD [1.70177062283]	SIZE [87]
SENSOR [2]	MEAN [375.770114943]	SD [2.52664490373]	SIZE [87]
SENSOR [3]	MEAN [551.172413793]	SD [2.78834560001]	SIZE [87]
SENSOR [4]	MEAN [154.068965517]	SD [1.99881058568]	SIZE [87]


META: gray-wood - 0cm - left_corner
SENSOR [0]	MEAN [466.487804878]	SD [4.98349447001]	SIZE [82]
SENSOR [1]	MEAN [722.487804878]	SD [5.53975411632]	SIZE [82]
SENSOR [2]	MEAN [204.0]	SD [1.7669044172]	SIZE [82]


META: gray-wood - 0cm - left_side
SENSOR [0]	MEAN [914.117647059]	SD [3.39346002397]	SIZE [85]
SENSOR [1]	MEAN [432.517647059]	SD [2.58780745127]	SIZE [85]
SENSOR [2]	MEAN [77.3176470588]	SD [2.40691046636]	SIZE [85]


META: gray-wood - 0cm - left_side_sideways
SENSOR [0]	MEAN [482.541176471]	SD [4.24417369822]	SIZE [85]
SENSOR [1]	MEAN [137.976470588]	SD [2.26469824292]	SIZE [85]
SENSOR [2]	MEAN [61.7411764706]	SD [2.07592894119]	SIZE [85]


META: gray-wood - 0cm - right_corner
SENSOR [3]	MEAN [223.903614458]	SD [4.3007829431]	SIZE [83]
SENSOR [4]	MEAN [892.481927711]	SD [11.3883913054]	SIZE [83]
SENSOR [5]	MEAN [535.56626506]	SD [7.92767422264]	SIZE [83]


META: gray-wood - 0cm - right_side
SENSOR [3]	MEAN [82.4941176471]	SD [2.21026231827]	SIZE [85]
SENSOR [4]	MEAN [398.4]	SD [3.84156830719]	SIZE [85]
SENSOR [5]	MEAN [779.152941176]	SD [10.8568285721]	SIZE [85]


META: gray-wood - 0cm - right_side_sideways
SENSOR [3]	MEAN [62.0]	SD [2.18217890236]	SIZE [84]
SENSOR [4]	MEAN [158.571428571]	SD [3.00113357268]	SIZE [84]
SENSOR [5]	MEAN [414.428571429]	SD [3.80565279516]	SIZE [84]


META: gray-wood - 0cm - rear
SENSOR [6]	MEAN [737.694117647]	SD [6.70385934398]	SIZE [85]
SENSOR [7]	MEAN [718.870588235]	SD [5.26428194152]	SIZE [85]


