META: gray-wood - 3cm - front
SENSOR [1]	MEAN [58.8181818182]	SD [2.01441089147]	SIZE [88]
SENSOR [2]	MEAN [68.0909090909]	SD [1.34533168972]	SIZE [88]
SENSOR [3]	MEAN [75.2727272727]	SD [2.45286137513]	SIZE [88]
SENSOR [4]	MEAN [82.7727272727]	SD [2.20395962225]	SIZE [88]


META: gray-wood - 3cm - left_corner
SENSOR [0]	MEAN [103.2]	SD [2.51489679358]	SIZE [85]
SENSOR [1]	MEAN [71.7176470588]	SD [2.27834699989]	SIZE [85]
SENSOR [2]	MEAN [64.2823529412]	SD [1.71232050811]	SIZE [85]


META: gray-wood - 3cm - left_side
SENSOR [0]	MEAN [111.126436782]	SD [1.86192705575]	SIZE [87]
SENSOR [1]	MEAN [69.7011494253]	SD [2.15553253696]	SIZE [87]
SENSOR [2]	MEAN [57.7471264368]	SD [1.98394933429]	SIZE [87]


META: gray-wood - 3cm - left_side_sideways
SENSOR [0]	MEAN [107.08045977]	SD [2.62270541553]	SIZE [87]
SENSOR [1]	MEAN [58.8505747126]	SD [1.9090151257]	SIZE [87]
SENSOR [2]	MEAN [55.4022988506]	SD [1.66408837433]	SIZE [87]


META: gray-wood - 3cm - right_corner
SENSOR [3]	MEAN [69.0574712644]	SD [1.96144634554]	SIZE [87]
SENSOR [4]	MEAN [98.1149425287]	SD [2.17311306632]	SIZE [87]
SENSOR [5]	MEAN [77.0574712644]	SD [2.05306791373]	SIZE [87]


META: gray-wood - 3cm - right_side
SENSOR [3]	MEAN [59.7272727273]	SD [1.98131770161]	SIZE [88]
SENSOR [4]	MEAN [91.5454545455]	SD [2.2908369397]	SIZE [88]
SENSOR [5]	MEAN [81.1818181818]	SD [2.01441089147]	SIZE [88]


META: gray-wood - 3cm - right_side_sideways
SENSOR [3]	MEAN [57.0454545455]	SD [2.04444419491]	SIZE [88]
SENSOR [4]	MEAN [82.5909090909]	SD [2.63126466153]	SIZE [88]
SENSOR [5]	MEAN [76.2272727273]	SD [2.1198588757]	SIZE [88]


META: gray-wood - 3cm - rear
SENSOR [6]	MEAN [102.541176471]	SD [2.73346554945]	SIZE [85]
SENSOR [7]	MEAN [91.2941176471]	SD [2.22723003599]	SIZE [85]


