META: gray-wood - 4cm - front
SENSOR [1]	MEAN [55.5909090909]	SD [2.09239077936]	SIZE [88]
SENSOR [2]	MEAN [62.8636363636]	SD [1.90204326845]	SIZE [88]
SENSOR [3]	MEAN [66.0454545455]	SD [2.17375403659]	SIZE [88]
SENSOR [4]	MEAN [77.8181818182]	SD [2.08100420768]	SIZE [88]


META: gray-wood - 4cm - left_corner
SENSOR [0]	MEAN [96.0454545455]	SD [2.1315225614]	SIZE [88]
SENSOR [1]	MEAN [62.9090909091]	SD [2.06505758029]	SIZE [88]
SENSOR [2]	MEAN [59.5]	SD [1.79012442432]	SIZE [88]


META: gray-wood - 4cm - left_side
SENSOR [0]	MEAN [98.7126436782]	SD [2.46309797443]	SIZE [87]
SENSOR [1]	MEAN [59.4942528736]	SD [2.25334266756]	SIZE [87]
SENSOR [2]	MEAN [55.7701149425]	SD [1.64492356966]	SIZE [87]


META: gray-wood - 4cm - left_side_sideways
SENSOR [0]	MEAN [97.3181818182]	SD [2.23375679551]	SIZE [88]
SENSOR [1]	MEAN [54.6818181818]	SD [1.97452787536]	SIZE [88]
SENSOR [2]	MEAN [54.6818181818]	SD [1.88019253454]	SIZE [88]


META: gray-wood - 4cm - right_corner
SENSOR [3]	MEAN [60.5]	SD [1.88896315956]	SIZE [88]
SENSOR [4]	MEAN [83.6363636364]	SD [1.87193275291]	SIZE [88]
SENSOR [5]	MEAN [67.2727272727]	SD [2.21937374832]	SIZE [88]


META: gray-wood - 4cm - right_side
SENSOR [3]	MEAN [55.2272727273]	SD [2.07653159645]	SIZE [88]
SENSOR [4]	MEAN [81.6363636364]	SD [2.45959077427]	SIZE [88]
SENSOR [5]	MEAN [69.5454545455]	SD [2.5177058953]	SIZE [88]


META: gray-wood - 4cm - right_side_sideways
SENSOR [3]	MEAN [54.6818181818]	SD [2.06455726349]	SIZE [88]
SENSOR [4]	MEAN [76.1363636364]	SD [1.94925287658]	SIZE [88]
SENSOR [5]	MEAN [66.5454545455]	SD [2.10469761869]	SIZE [88]


META: gray-wood - 4cm - rear
SENSOR [6]	MEAN [96.3181818182]	SD [2.27409050025]	SIZE [88]
SENSOR [7]	MEAN [86.0909090909]	SD [2.25447213957]	SIZE [88]


