META: gray-wood - 2cm - front
SENSOR [1]	MEAN [65.0454545455]	SD [2.1315225614]	SIZE [88]
SENSOR [2]	MEAN [78.9090909091]	SD [1.88074189687]	SIZE [88]
SENSOR [3]	MEAN [94.8636363636]	SD [1.80392134845]	SIZE [88]
SENSOR [4]	MEAN [89.5909090909]	SD [2.13539629937]	SIZE [88]


META: gray-wood - 2cm - left_corner
SENSOR [0]	MEAN [117.747126437]	SD [1.98394933429]	SIZE [87]
SENSOR [1]	MEAN [92.6896551724]	SD [2.28594076224]	SIZE [87]
SENSOR [2]	MEAN [74.0229885057]	SD [1.99986787779]	SIZE [87]


META: gray-wood - 2cm - left_side
SENSOR [0]	MEAN [136.091954023]	SD [2.42417035889]	SIZE [87]
SENSOR [1]	MEAN [81.6551724138]	SD [2.46738535448]	SIZE [87]
SENSOR [2]	MEAN [59.0344827586]	SD [2.09788221546]	SIZE [87]


META: gray-wood - 2cm - left_side_sideways
SENSOR [0]	MEAN [123.586206897]	SD [1.82291748061]	SIZE [87]
SENSOR [1]	MEAN [63.632183908]	SD [1.78186872414]	SIZE [87]
SENSOR [2]	MEAN [55.0804597701]	SD [1.78897254789]	SIZE [87]


META: gray-wood - 2cm - right_corner
SENSOR [3]	MEAN [75.3882352941]	SD [1.7894732557]	SIZE [85]
SENSOR [4]	MEAN [117.035294118]	SD [1.95506617203]	SIZE [85]
SENSOR [5]	MEAN [92.9882352941]	SD [2.02626354274]	SIZE [85]


META: gray-wood - 2cm - right_side
SENSOR [3]	MEAN [65.8352941176]	SD [2.17389354587]	SIZE [85]
SENSOR [4]	MEAN [111.717647059]	SD [2.43799225355]	SIZE [85]
SENSOR [5]	MEAN [103.294117647]	SD [2.22723003599]	SIZE [85]


META: gray-wood - 2cm - right_side_sideways
SENSOR [3]	MEAN [57.9545454545]	SD [2.25584639885]	SIZE [88]
SENSOR [4]	MEAN [88.8636363636]	SD [1.94925287658]	SIZE [88]
SENSOR [5]	MEAN [90.9090909091]	SD [1.88074189687]	SIZE [88]


META: gray-wood - 2cm - rear
SENSOR [6]	MEAN [121.082352941]	SD [1.87999852757]	SIZE [85]
SENSOR [7]	MEAN [111.247058824]	SD [2.16879409352]	SIZE [85]


