META: light-wood - 5cm - front
SENSOR [1]	MEAN [69.4090909091]	SD [2.33859108535]	SIZE [88]
SENSOR [2]	MEAN [80.5454545455]	SD [2.01646118298]	SIZE [88]
SENSOR [3]	MEAN [90.7272727273]	SD [2.2998382983]	SIZE [88]
SENSOR [4]	MEAN [86.5909090909]	SD [1.91071359609]	SIZE [88]


META: light-wood - 5cm - left_corner
SENSOR [0]	MEAN [118.930232558]	SD [2.2349793073]	SIZE [86]
SENSOR [1]	MEAN [90.1395348837]	SD [2.25761136735]	SIZE [86]
SENSOR [2]	MEAN [71.0697674419]	SD [2.08421920953]	SIZE [86]


META: light-wood - 5cm - left_side
SENSOR [0]	MEAN [131.402298851]	SD [2.23071438542]	SIZE [87]
SENSOR [1]	MEAN [81.6091954023]	SD [2.30619516395]	SIZE [87]
SENSOR [2]	MEAN [59.2643678161]	SD [1.77115956637]	SIZE [87]


META: light-wood - 5cm - left_side_sideways
SENSOR [0]	MEAN [117.379310345]	SD [2.6315564177]	SIZE [87]
SENSOR [1]	MEAN [61.7011494253]	SD [2.54664504352]	SIZE [87]
SENSOR [2]	MEAN [56.275862069]	SD [1.7984006635]	SIZE [87]


META: light-wood - 5cm - right_corner
SENSOR [3]	MEAN [77.3488372093]	SD [2.25041309831]	SIZE [86]
SENSOR [4]	MEAN [114.046511628]	SD [2.42039289884]	SIZE [86]
SENSOR [5]	MEAN [88.8372093023]	SD [2.12329529498]	SIZE [86]


META: light-wood - 5cm - right_side
SENSOR [3]	MEAN [64.511627907]	SD [2.18208448479]	SIZE [86]
SENSOR [4]	MEAN [106.418604651]	SD [2.22284709681]	SIZE [86]
SENSOR [5]	MEAN [99.023255814]	SD [2.27717054231]	SIZE [86]


META: light-wood - 5cm - right_side_sideways
SENSOR [3]	MEAN [60.4090909091]	SD [2.48923301274]	SIZE [88]
SENSOR [4]	MEAN [90.5]	SD [2.11595669315]	SIZE [88]
SENSOR [5]	MEAN [91.2272727273]	SD [2.32441230464]	SIZE [88]


META: light-wood - 5cm - rear
SENSOR [6]	MEAN [126.917647059]	SD [1.87999852757]	SIZE [85]
SENSOR [7]	MEAN [114.164705882]	SD [2.17389354587]	SIZE [85]


