META: light-wood - 3cm - front
SENSOR [1]	MEAN [91.0361445783]	SD [2.45168141532]	SIZE [83]
SENSOR [2]	MEAN [112.289156627]	SD [1.94211486069]	SIZE [83]
SENSOR [3]	MEAN [138.072289157]	SD [2.4336156478]	SIZE [83]
SENSOR [4]	MEAN [101.060240964]	SD [2.24601064053]	SIZE [83]


META: light-wood - 3cm - left_corner
SENSOR [0]	MEAN [167.152941176]	SD [2.68111426508]	SIZE [85]
SENSOR [1]	MEAN [145.6]	SD [2.89095953946]	SIZE [85]
SENSOR [2]	MEAN [89.5058823529]	SD [2.37448956453]	SIZE [85]


META: light-wood - 3cm - left_side
SENSOR [0]	MEAN [195.011764706]	SD [2.52280944069]	SIZE [85]
SENSOR [1]	MEAN [117.976470588]	SD [2.09186924903]	SIZE [85]
SENSOR [2]	MEAN [61.7882352941]	SD [2.08125594235]	SIZE [85]


META: light-wood - 3cm - left_side_sideways
SENSOR [0]	MEAN [163.162790698]	SD [2.59633223013]	SIZE [86]
SENSOR [1]	MEAN [75.8139534884]	SD [2.01454956537]	SIZE [86]
SENSOR [2]	MEAN [55.488372093]	SD [1.70324031847]	SIZE [86]


META: light-wood - 3cm - right_corner
SENSOR [3]	MEAN [112.857142857]	SD [2.39614202389]	SIZE [84]
SENSOR [4]	MEAN [177.142857143]	SD [2.18840481773]	SIZE [84]
SENSOR [5]	MEAN [132.333333333]	SD [2.84242239637]	SIZE [84]


META: light-wood - 3cm - right_side
SENSOR [3]	MEAN [78.4]	SD [2.31211642288]	SIZE [85]
SENSOR [4]	MEAN [158.447058824]	SD [2.38379767377]	SIZE [85]
SENSOR [5]	MEAN [153.929411765]	SD [2.64703267961]	SIZE [85]


META: light-wood - 3cm - right_side_sideways
SENSOR [3]	MEAN [59.0117647059]	SD [2.28804626469]	SIZE [85]
SENSOR [4]	MEAN [106.352941176]	SD [2.06201433414]	SIZE [85]
SENSOR [5]	MEAN [133.788235294]	SD [2.49278543777]	SIZE [85]


META: light-wood - 3cm - rear
SENSOR [6]	MEAN [200.988235294]	SD [4.2908771012]	SIZE [85]
SENSOR [7]	MEAN [160.894117647]	SD [2.76968262956]	SIZE [85]


