META: light-wood - 4cm - front
SENSOR [1]	MEAN [80.0]	SD [2.36249769287]	SIZE [86]
SENSOR [2]	MEAN [93.8604651163]	SD [2.90613941429]	SIZE [86]
SENSOR [3]	MEAN [109.11627907]	SD [2.48913268098]	SIZE [86]
SENSOR [4]	MEAN [90.2325581395]	SD [2.33115610905]	SIZE [86]


META: light-wood - 4cm - left_corner
SENSOR [0]	MEAN [136.517647059]	SD [2.86402335147]	SIZE [85]
SENSOR [1]	MEAN [108.094117647]	SD [2.21026231827]	SIZE [85]
SENSOR [2]	MEAN [75.5764705882]	SD [1.8431205673]	SIZE [85]


META: light-wood - 4cm - left_side
SENSOR [0]	MEAN [155.402298851]	SD [3.23934068116]	SIZE [87]
SENSOR [1]	MEAN [95.5402298851]	SD [2.45794324683]	SIZE [87]
SENSOR [2]	MEAN [60.7356321839]	SD [1.96790202842]	SIZE [87]


META: light-wood - 4cm - left_side_sideways
SENSOR [0]	MEAN [140.597701149]	SD [2.68010880769]	SIZE [87]
SENSOR [1]	MEAN [70.7586206897]	SD [1.94738561697]	SIZE [87]
SENSOR [2]	MEAN [55.8620689655]	SD [1.41561419019]	SIZE [87]


META: light-wood - 4cm - right_corner
SENSOR [3]	MEAN [89.9294117647]	SD [2.5749391097]	SIZE [85]
SENSOR [4]	MEAN [133.129411765]	SD [2.64703267961]	SIZE [85]
SENSOR [5]	MEAN [100.564705882]	SD [3.07722968927]	SIZE [85]


META: light-wood - 4cm - right_side
SENSOR [3]	MEAN [69.2235294118]	SD [2.12755850456]	SIZE [85]
SENSOR [4]	MEAN [124.329411765]	SD [2.0544828191]	SIZE [85]
SENSOR [5]	MEAN [117.129411765]	SD [2.09081034273]	SIZE [85]


META: light-wood - 4cm - right_side_sideways
SENSOR [3]	MEAN [58.511627907]	SD [2.28617780976]	SIZE [86]
SENSOR [4]	MEAN [97.023255814]	SD [2.04015927437]	SIZE [86]
SENSOR [5]	MEAN [107.162790698]	SD [1.84176649983]	SIZE [86]


META: light-wood - 4cm - rear
SENSOR [6]	MEAN [150.070588235]	SD [3.66152727792]	SIZE [85]
SENSOR [7]	MEAN [129.129411765]	SD [2.50076804811]	SIZE [85]


