META: light-wood - 2cm - front
SENSOR [1]	MEAN [111.488372093]	SD [2.18208448479]	SIZE [86]
SENSOR [2]	MEAN [155.488372093]	SD [2.49997295821]	SIZE [86]
SENSOR [3]	MEAN [207.953488372]	SD [3.36848242949]	SIZE [86]
SENSOR [4]	MEAN [126.186046512]	SD [2.56320850855]	SIZE [86]


META: light-wood - 2cm - left_corner
SENSOR [0]	MEAN [230.328358209]	SD [2.40886459723]	SIZE [67]
SENSOR [1]	MEAN [221.134328358]	SD [2.83314878035]	SIZE [67]
SENSOR [2]	MEAN [116.656716418]	SD [2.14094580024]	SIZE [67]


META: light-wood - 2cm - left_side
SENSOR [0]	MEAN [294.75862069]	SD [2.12789636145]	SIZE [58]
SENSOR [1]	MEAN [189.172413793]	SD [2.6790240827]	SIZE [58]
SENSOR [2]	MEAN [71.3793103448]	SD [1.44827586207]	SIZE [58]


META: light-wood - 2cm - left_side_sideways
SENSOR [0]	MEAN [227.388235294]	SD [3.95294117647]	SIZE [85]
SENSOR [1]	MEAN [94.4941176471]	SD [2.29384613778]	SIZE [85]
SENSOR [2]	MEAN [56.0]	SD [1.94028500029]	SIZE [85]


META: light-wood - 2cm - right_corner
SENSOR [3]	MEAN [136.166666667]	SD [1.99304345718]	SIZE [48]
SENSOR [4]	MEAN [259.083333333]	SD [4.63606034857]	SIZE [48]
SENSOR [5]	MEAN [203.333333333]	SD [3.09120616517]	SIZE [48]


META: light-wood - 2cm - right_side
SENSOR [3]	MEAN [83.1529411765]	SD [2.22025903286]	SIZE [85]
SENSOR [4]	MEAN [211.388235294]	SD [2.56718714296]	SIZE [85]
SENSOR [5]	MEAN [240.658823529]	SD [2.80148255363]	SIZE [85]


META: light-wood - 2cm - right_side_sideways
SENSOR [3]	MEAN [59.7176470588]	SD [2.01530476286]	SIZE [85]
SENSOR [4]	MEAN [124.141176471]	SD [2.33214337757]	SIZE [85]
SENSOR [5]	MEAN [184.564705882]	SD [3.07722968927]	SIZE [85]


META: light-wood - 2cm - rear
SENSOR [6]	MEAN [294.823529412]	SD [5.41278762711]	SIZE [85]
SENSOR [7]	MEAN [226.870588235]	SD [3.04394571836]	SIZE [85]


