META: light-wood - 1cm - front
SENSOR [1]	MEAN [169.517241379]	SD [3.22298522636]	SIZE [87]
SENSOR [2]	MEAN [294.344827586]	SD [3.46020923627]	SIZE [87]
SENSOR [3]	MEAN [421.287356322]	SD [6.48943977884]	SIZE [87]
SENSOR [4]	MEAN [181.747126437]	SD [3.24911443569]	SIZE [87]


META: light-wood - 1cm - left_corner
SENSOR [0]	MEAN [468.289156627]	SD [5.03608693113]	SIZE [83]
SENSOR [1]	MEAN [456.192771084]	SD [4.47336920901]	SIZE [83]
SENSOR [2]	MEAN [154.265060241]	SD [3.29689279547]	SIZE [83]


META: light-wood - 1cm - left_side
SENSOR [0]	MEAN [619.247058824]	SD [5.77195222832]	SIZE [85]
SENSOR [1]	MEAN [348.376470588]	SD [3.76352922788]	SIZE [85]
SENSOR [2]	MEAN [82.1176470588]	SD [2.17694748352]	SIZE [85]


META: light-wood - 1cm - left_side_sideways
SENSOR [0]	MEAN [372.571428571]	SD [1.86627789926]	SIZE [84]
SENSOR [1]	MEAN [129.857142857]	SD [2.72179412618]	SIZE [84]
SENSOR [2]	MEAN [56.380952381]	SD [1.81202834195]	SIZE [84]


META: light-wood - 1cm - right_corner
SENSOR [3]	MEAN [235.666666667]	SD [2.32652066672]	SIZE [84]
SENSOR [4]	MEAN [487.047619048]	SD [3.73498505736]	SIZE [84]
SENSOR [5]	MEAN [335.952380952]	SD [2.50668041681]	SIZE [84]


META: light-wood - 1cm - right_side
SENSOR [3]	MEAN [104.380952381]	SD [2.80265504182]	SIZE [84]
SENSOR [4]	MEAN [374.761904762]	SD [3.37927523794]	SIZE [84]
SENSOR [5]	MEAN [484.238095238]	SD [3.45590952682]	SIZE [84]


META: light-wood - 1cm - right_side_sideways
SENSOR [3]	MEAN [62.3333333333]	SD [2.06635942417]	SIZE [84]
SENSOR [4]	MEAN [159.380952381]	SD [2.34979615076]	SIZE [84]
SENSOR [5]	MEAN [314.714285714]	SD [3.15689505599]	SIZE [84]


META: light-wood - 1cm - rear
SENSOR [6]	MEAN [540.705882353]	SD [3.53411451398]	SIZE [85]
SENSOR [7]	MEAN [459.294117647]	SD [2.68688986798]	SIZE [85]


