META: light-wood - 0cm - front
SENSOR [1]	MEAN [299.844155844]	SD [2.76839742223]	SIZE [77]
SENSOR [2]	MEAN [1020.0]	SD [0.0]	SIZE [77]
SENSOR [3]	MEAN [1020.0]	SD [0.0]	SIZE [77]
SENSOR [4]	MEAN [529.402597403]	SD [4.81410195873]	SIZE [77]


META: light-wood - 0cm - left_corner
SENSOR [0]	MEAN [1020.0]	SD [0.0]	SIZE [80]
SENSOR [1]	MEAN [1020.0]	SD [0.0]	SIZE [80]
SENSOR [2]	MEAN [581.9]	SD [5.79568805234]	SIZE [80]


META: light-wood - 0cm - left_side
SENSOR [0]	MEAN [1020.0]	SD [0.0]	SIZE [87]
SENSOR [1]	MEAN [1020.0]	SD [0.0]	SIZE [87]
SENSOR [2]	MEAN [161.057471264]	SD [2.30619516395]	SIZE [87]


META: light-wood - 0cm - left_side_sideways
SENSOR [0]	MEAN [1020.0]	SD [0.0]	SIZE [83]
SENSOR [1]	MEAN [408.722891566]	SD [2.85519291443]	SIZE [83]
SENSOR [2]	MEAN [66.1686746988]	SD [2.0873646099]	SIZE [83]


META: light-wood - 0cm - right_corner
SENSOR [3]	MEAN [755.4]	SD [4.98397431775]	SIZE [80]
SENSOR [4]	MEAN [1020.0]	SD [0.0]	SIZE [80]
SENSOR [5]	MEAN [1020.0]	SD [0.0]	SIZE [80]


META: light-wood - 0cm - right_side
SENSOR [3]	MEAN [133.83908046]	SD [2.08372766779]	SIZE [87]
SENSOR [4]	MEAN [1020.0]	SD [0.0]	SIZE [87]
SENSOR [5]	MEAN [1020.0]	SD [0.0]	SIZE [87]


META: light-wood - 0cm - right_side_sideways
SENSOR [3]	MEAN [71.3253012048]	SD [2.04237302173]	SIZE [83]
SENSOR [4]	MEAN [385.397590361]	SD [3.25220873615]	SIZE [83]
SENSOR [5]	MEAN [1020.0]	SD [0.0]	SIZE [83]


META: light-wood - 0cm - rear
SENSOR [6]	MEAN [1020.0]	SD [0.0]	SIZE [87]
SENSOR [7]	MEAN [1020.0]	SD [0.0]	SIZE [87]


