META: none - cm - front
SENSOR [1]	MEAN [50.8965517241]	SD [1.98288355428]	SIZE [87]
SENSOR [2]	MEAN [54.9425287356]	SD [2.14077181183]	SIZE [87]
SENSOR [3]	MEAN [53.4712643678]	SD [2.11094074175]	SIZE [87]
SENSOR [4]	MEAN [71.4942528736]	SD [1.58203683072]	SIZE [87]


META: none - cm - left_corner
SENSOR [0]	MEAN [84.7816091954]	SD [2.17311306632]	SIZE [87]
SENSOR [1]	MEAN [50.5287356322]	SD [2.11094074175]	SIZE [87]
SENSOR [2]	MEAN [55.0804597701]	SD [2.07457731911]	SIZE [87]


META: none - cm - left_side
SENSOR [0]	MEAN [85.5172413793]	SD [2.20689655172]	SIZE [87]
SENSOR [1]	MEAN [50.9885057471]	SD [1.93868217401]	SIZE [87]
SENSOR [2]	MEAN [55.0804597701]	SD [1.78897254789]	SIZE [87]


META: none - cm - left_side_sideways
SENSOR [0]	MEAN [85.2873563218]	SD [2.67774156847]	SIZE [87]
SENSOR [1]	MEAN [50.6206896552]	SD [1.99563534843]	SIZE [87]
SENSOR [2]	MEAN [55.3563218391]	SD [1.70177062283]	SIZE [87]


META: none - cm - right_corner
SENSOR [3]	MEAN [53.4418604651]	SD [2.19197612427]	SIZE [86]
SENSOR [4]	MEAN [71.5813953488]	SD [1.72845620242]	SIZE [86]
SENSOR [5]	MEAN [56.6976744186]	SD [2.29797568875]	SIZE [86]


META: none - cm - right_side
SENSOR [3]	MEAN [53.4712643678]	SD [2.27853088614]	SIZE [87]
SENSOR [4]	MEAN [71.1264367816]	SD [2.04997671812]	SIZE [87]
SENSOR [5]	MEAN [56.6896551724]	SD [2.20402111526]	SIZE [87]


META: none - cm - right_side_sideways
SENSOR [3]	MEAN [53.8390804598]	SD [2.17019286827]	SIZE [87]
SENSOR [4]	MEAN [71.8620689655]	SD [2.05203803259]	SIZE [87]
SENSOR [5]	MEAN [56.9655172414]	SD [1.914543707]	SIZE [87]


META: none - cm - rear
SENSOR [6]	MEAN [83.5909090909]	SD [2.56123356127]	SIZE [88]
SENSOR [7]	MEAN [75.7727272727]	SD [2.03228080965]	SIZE [88]


